<?xml version="1.0" encoding="UTF-8"?>
<testng-results ignored="0" total="1" passed="1" failed="0" skipped="0">
  <reporter-output>
  </reporter-output>
  <suite started-at="2024-12-09T21:38:19 VET" name="Default suite" finished-at="2024-12-09T21:39:26 VET" duration-ms="67619">
    <groups>
    </groups>
    <test started-at="2024-12-09T21:38:19 VET" name="Default test" finished-at="2024-12-09T21:39:26 VET" duration-ms="67619">
      <class name="testScenarios.CMTest">
        <test-method is-config="true" signature="setup()[pri:0, instance:testScenarios.CMTest@496bc455]" started-at="2024-12-09T21:38:19 VET" name="setup" finished-at="2024-12-09T21:38:21 VET" duration-ms="1700" status="PASS">
          <reporter-output>
          </reporter-output>
        </test-method> <!-- setup -->
        <test-method signature="verificarCampaignLabelSeMuestraEnCMPage()[pri:0, instance:testScenarios.CMTest@496bc455]" started-at="2024-12-09T21:38:21 VET" name="verificarCampaignLabelSeMuestraEnCMPage" finished-at="2024-12-09T21:39:26 VET" duration-ms="65661" status="PASS">
          <reporter-output>
          </reporter-output>
        </test-method> <!-- verificarCampaignLabelSeMuestraEnCMPage -->
        <test-method is-config="true" signature="failureSetup(org.testng.ITestResult)[pri:0, instance:testScenarios.CMTest@496bc455]" started-at="2024-12-09T21:39:26 VET" name="failureSetup" finished-at="2024-12-09T21:39:26 VET" duration-ms="3" status="PASS">
          <params>
            <param index="0">
              <value>
                <![CDATA[[TestResult name=verificarCampaignLabelSeMuestraEnCMPage status=SUCCESS method=CMTest.verificarCampaignLabelSeMuestraEnCMPage()[pri:0, instance:testScenarios.CMTest@496bc455] output={null}]]]>
              </value>
            </param>
          </params>
          <reporter-output>
          </reporter-output>
        </test-method> <!-- failureSetup -->
        <test-method is-config="true" signature="teardown()[pri:0, instance:testScenarios.CMTest@496bc455]" started-at="2024-12-09T21:39:26 VET" name="teardown" finished-at="2024-12-09T21:39:26 VET" duration-ms="200" status="PASS">
          <reporter-output>
          </reporter-output>
        </test-method> <!-- teardown -->
      </class> <!-- testScenarios.CMTest -->
    </test> <!-- Default test -->
  </suite> <!-- Default suite -->
</testng-results>
