<?xml version="1.0" encoding="UTF-8"?>
<!-- Generated by org.testng.reporters.JUnitXMLReporter -->
<testsuite ignored="4" hostname="DESKTOP-G9MM921" failures="0" tests="1" name="Default test" time="67.619" errors="0" timestamp="2024-12-09T21:39:26 VET">
  <testcase classname="testScenarios.CMTest" name="verificarCampaignLabelSeMuestraEnCMPage" time="65.661"/>
  <testcase classname="testScenarios.HomeTest" name="loginIntoCampaignPage" time="0.0">
    <ignored/>
  </testcase> <!-- loginIntoCampaignPage -->
  <testcase classname="testScenarios.HomeTest" name="verificarVamosButtonIsPresent" time="0.0">
    <ignored/>
  </testcase> <!-- verificarVamosButtonIsPresent -->
  <testcase classname="testScenarios.HomeTest" name="goToHomePage" time="0.0">
    <ignored/>
  </testcase> <!-- goToHomePage -->
  <testcase classname="testScenarios.HomeTest" name="verificarCampaignLabelIsPresent" time="0.0">
    <ignored/>
  </testcase> <!-- verificarCampaignLabelIsPresent -->
</testsuite> <!-- Default test -->
