<?xml version="1.0" encoding="UTF-8"?>
<!-- Generated by org.testng.reporters.JUnitXMLReporter -->
<testsuite ignored="0" hostname="DESKTOP-G9MM921" failures="1" tests="1" name="Surefire test" time="1.978" errors="0" timestamp="2024-12-07T12:14:44 VET">
  <testcase classname="testScenarios.HomeTest" name="goToHomePage" time="0.012">
    <failure type="java.lang.NullPointerException" message="inStream parameter is null">
      <![CDATA[java.lang.NullPointerException: inStream parameter is null
at java.base/java.util.Objects.requireNonNull(Objects.java:259)
at java.base/java.util.Properties.load(Properties.java:408)
at Objects.HomePage.goToAutomationExercise(HomePage.java:39)
at testScenarios.HomeTest.goToHomePage(HomeTest.java:13)
at java.base/java.util.ArrayList.forEach(ArrayList.java:1511)
... Removed 30 stack frames]]>
    </failure>
  </testcase> <!-- goToHomePage -->
</testsuite> <!-- Surefire test -->
